2025-06-26 16:16:21,240 - INFO - root - --- BẮT ĐẦU QUY TRÌNH TỰ ĐỘNG ---
2025-06-26 16:16:21,241 - INFO - root - Đang tải và xử lý hóa đơn...
2025-06-26 16:16:21,762 - INFO - read - Đã đọc 9 dòng từ file Excel 'input.xlsx'.
2025-06-26 16:16:49,872 - INFO - read - Đã yêu cầu tải hóa đơn FPT cho MST: 0304244470
2025-06-26 16:16:53,874 - INFO - read - Đang xử lý file: 0304244470r08e17y79g (1).xml
2025-06-26 16:16:53,895 - INFO - read - Parsed XML file '0304244470r08e17y79g (1).xml' thành công.
2025-06-26 16:16:53,895 - INFO - read - Dữ liệu trích xuất: {'Số hóa đơn': '1', 'Đơn vị bán hàng': 'CÔNG TY CỔ PHẦN BA HUÂN', 'Mã số thuế bán': '0304244470', 'Địa chỉ bán': '22 Nguyễn Đình Chi, Phường 09, Quận 6, Thành phố Hồ Chí Minh, Việt Nam', 'Số tài khoản bán': '', 'Họ tên người mua hàng': 'Liên Hiệp Hợp Tác Xã Thương Mại TP. Hồ Chí Minh', 'Địa chỉ mua': '199-205 Nguyễn Thái Học, Phường Phạm Ngũ Lão, Quận 1, Thành phố Hồ Chí Minh, Việt Nam', 'Mã số thuế mua': '0301175691'}
2025-06-26 16:16:53,897 - ERROR - read - Lỗi FPT (0304244471): Message: invalid session id: session deleted as the browser has closed the connection
from disconnected: not connected to DevTools
  (Session info: chrome=137.0.7151.120)
Stacktrace:
	GetHandleVerifier [0x0x7ff6407dcda5+78885]
	GetHandleVerifier [0x0x7ff6407dce00+78976]
	(No symbol) [0x0x7ff640599bca]
	(No symbol) [0x0x7ff6405859b5]
	(No symbol) [0x0x7ff6405aa9ca]
	(No symbol) [0x0x7ff6406205e5]
	(No symbol) [0x0x7ff640640b42]
	(No symbol) [0x0x7ff640618963]
	(No symbol) [0x0x7ff6405e16b1]
	(No symbol) [0x0x7ff6405e2443]
	GetHandleVerifier [0x0x7ff640ab4eed+3061101]
	GetHandleVerifier [0x0x7ff640aaf33d+3037629]
	GetHandleVerifier [0x0x7ff640ace592+3165202]
	GetHandleVerifier [0x0x7ff6407f730e+186766]
	GetHandleVerifier [0x0x7ff6407feb3f+217535]
	GetHandleVerifier [0x0x7ff6407e59b4+114740]
	GetHandleVerifier [0x0x7ff6407e5b69+115177]
	GetHandleVerifier [0x0x7ff6407cc368+10728]
	BaseThreadInitThunk [0x0x7ff90fa126ad+29]
	RtlUserThreadStart [0x0x7ff910c2a9f8+40]

2025-06-26 16:16:53,941 - ERROR - read - Lỗi FPT (0304308445): Message: invalid session id
Stacktrace:
	GetHandleVerifier [0x0x7ff6407dcda5+78885]
	GetHandleVerifier [0x0x7ff6407dce00+78976]
	(No symbol) [0x0x7ff6405999fc]
	(No symbol) [0x0x7ff6405e07df]
	(No symbol) [0x0x7ff640618a52]
	(No symbol) [0x0x7ff640613413]
	(No symbol) [0x0x7ff6406124d9]
	(No symbol) [0x0x7ff640565d55]
	GetHandleVerifier [0x0x7ff640ab4eed+3061101]
	GetHandleVerifier [0x0x7ff640aaf33d+3037629]
	GetHandleVerifier [0x0x7ff640ace592+3165202]
	GetHandleVerifier [0x0x7ff6407f730e+186766]
	GetHandleVerifier [0x0x7ff6407feb3f+217535]
	(No symbol) [0x0x7ff640564dca]
	GetHandleVerifier [0x0x7ff640bd45e8+4238440]
	BaseThreadInitThunk [0x0x7ff90fa126ad+29]
	RtlUserThreadStart [0x0x7ff910c2a9f8+40]

2025-06-26 16:16:53,943 - ERROR - read - Lỗi MeInvoice (B1HEIRR8N0WP): Message: invalid session id
Stacktrace:
	GetHandleVerifier [0x0x7ff6407dcda5+78885]
	GetHandleVerifier [0x0x7ff6407dce00+78976]
	(No symbol) [0x0x7ff6405999fc]
	(No symbol) [0x0x7ff6405e07df]
	(No symbol) [0x0x7ff640618a52]
	(No symbol) [0x0x7ff640613413]
	(No symbol) [0x0x7ff6406124d9]
	(No symbol) [0x0x7ff640565d55]
	GetHandleVerifier [0x0x7ff640ab4eed+3061101]
	GetHandleVerifier [0x0x7ff640aaf33d+3037629]
	GetHandleVerifier [0x0x7ff640ace592+3165202]
	GetHandleVerifier [0x0x7ff6407f730e+186766]
	GetHandleVerifier [0x0x7ff6407feb3f+217535]
	(No symbol) [0x0x7ff640564dca]
	GetHandleVerifier [0x0x7ff640bd45e8+4238440]
	BaseThreadInitThunk [0x0x7ff90fa126ad+29]
	RtlUserThreadStart [0x0x7ff910c2a9f8+40]

2025-06-26 16:16:53,944 - ERROR - read - Lỗi MeInvoice (PZH_FWQ4BN3): Message: invalid session id
Stacktrace:
	GetHandleVerifier [0x0x7ff6407dcda5+78885]
	GetHandleVerifier [0x0x7ff6407dce00+78976]
	(No symbol) [0x0x7ff6405999fc]
	(No symbol) [0x0x7ff6405e07df]
	(No symbol) [0x0x7ff640618a52]
	(No symbol) [0x0x7ff640613413]
	(No symbol) [0x0x7ff6406124d9]
	(No symbol) [0x0x7ff640565d55]
	GetHandleVerifier [0x0x7ff640ab4eed+3061101]
	GetHandleVerifier [0x0x7ff640aaf33d+3037629]
	GetHandleVerifier [0x0x7ff640ace592+3165202]
	GetHandleVerifier [0x0x7ff6407f730e+186766]
	GetHandleVerifier [0x0x7ff6407feb3f+217535]
	(No symbol) [0x0x7ff640564dca]
	GetHandleVerifier [0x0x7ff640bd45e8+4238440]
	BaseThreadInitThunk [0x0x7ff90fa126ad+29]
	RtlUserThreadStart [0x0x7ff910c2a9f8+40]

2025-06-26 16:16:53,946 - ERROR - read - Lỗi MeInvoice (VBHKSL682918): Message: invalid session id
Stacktrace:
	GetHandleVerifier [0x0x7ff6407dcda5+78885]
	GetHandleVerifier [0x0x7ff6407dce00+78976]
	(No symbol) [0x0x7ff6405999fc]
	(No symbol) [0x0x7ff6405e07df]
	(No symbol) [0x0x7ff640618a52]
	(No symbol) [0x0x7ff640613413]
	(No symbol) [0x0x7ff6406124d9]
	(No symbol) [0x0x7ff640565d55]
	GetHandleVerifier [0x0x7ff640ab4eed+3061101]
	GetHandleVerifier [0x0x7ff640aaf33d+3037629]
	GetHandleVerifier [0x0x7ff640ace592+3165202]
	GetHandleVerifier [0x0x7ff6407f730e+186766]
	GetHandleVerifier [0x0x7ff6407feb3f+217535]
	(No symbol) [0x0x7ff640564dca]
	GetHandleVerifier [0x0x7ff640bd45e8+4238440]
	BaseThreadInitThunk [0x0x7ff90fa126ad+29]
	RtlUserThreadStart [0x0x7ff910c2a9f8+40]

2025-06-26 16:16:53,947 - ERROR - read - Lỗi eHoaDon (NII30XVQWNC): Message: invalid session id
Stacktrace:
	GetHandleVerifier [0x0x7ff6407dcda5+78885]
	GetHandleVerifier [0x0x7ff6407dce00+78976]
	(No symbol) [0x0x7ff6405999fc]
	(No symbol) [0x0x7ff6405e07df]
	(No symbol) [0x0x7ff640618a52]
	(No symbol) [0x0x7ff640613413]
	(No symbol) [0x0x7ff6406124d9]
	(No symbol) [0x0x7ff640565d55]
	GetHandleVerifier [0x0x7ff640ab4eed+3061101]
	GetHandleVerifier [0x0x7ff640aaf33d+3037629]
	GetHandleVerifier [0x0x7ff640ace592+3165202]
	GetHandleVerifier [0x0x7ff6407f730e+186766]
	GetHandleVerifier [0x0x7ff6407feb3f+217535]
	(No symbol) [0x0x7ff640564dca]
	GetHandleVerifier [0x0x7ff640bd45e8+4238440]
	BaseThreadInitThunk [0x0x7ff90fa126ad+29]
	RtlUserThreadStart [0x0x7ff910c2a9f8+40]

2025-06-26 16:16:53,950 - ERROR - read - Lỗi eHoaDon (MHPLO8W6EMD): Message: invalid session id
Stacktrace:
	GetHandleVerifier [0x0x7ff6407dcda5+78885]
	GetHandleVerifier [0x0x7ff6407dce00+78976]
	(No symbol) [0x0x7ff6405999fc]
	(No symbol) [0x0x7ff6405e07df]
	(No symbol) [0x0x7ff640618a52]
	(No symbol) [0x0x7ff640613413]
	(No symbol) [0x0x7ff6406124d9]
	(No symbol) [0x0x7ff640565d55]
	GetHandleVerifier [0x0x7ff640ab4eed+3061101]
	GetHandleVerifier [0x0x7ff640aaf33d+3037629]
	GetHandleVerifier [0x0x7ff640ace592+3165202]
	GetHandleVerifier [0x0x7ff6407f730e+186766]
	GetHandleVerifier [0x0x7ff6407feb3f+217535]
	(No symbol) [0x0x7ff640564dca]
	GetHandleVerifier [0x0x7ff640bd45e8+4238440]
	BaseThreadInitThunk [0x0x7ff90fa126ad+29]
	RtlUserThreadStart [0x0x7ff910c2a9f8+40]

2025-06-26 16:16:53,952 - ERROR - read - Lỗi eHoaDon (MIJ634K9JAD): Message: invalid session id
Stacktrace:
	GetHandleVerifier [0x0x7ff6407dcda5+78885]
	GetHandleVerifier [0x0x7ff6407dce00+78976]
	(No symbol) [0x0x7ff6405999fc]
	(No symbol) [0x0x7ff6405e07df]
	(No symbol) [0x0x7ff640618a52]
	(No symbol) [0x0x7ff640613413]
	(No symbol) [0x0x7ff6406124d9]
	(No symbol) [0x0x7ff640565d55]
	GetHandleVerifier [0x0x7ff640ab4eed+3061101]
	GetHandleVerifier [0x0x7ff640aaf33d+3037629]
	GetHandleVerifier [0x0x7ff640ace592+3165202]
	GetHandleVerifier [0x0x7ff6407f730e+186766]
	GetHandleVerifier [0x0x7ff6407feb3f+217535]
	(No symbol) [0x0x7ff640564dca]
	GetHandleVerifier [0x0x7ff640bd45e8+4238440]
	BaseThreadInitThunk [0x0x7ff90fa126ad+29]
	RtlUserThreadStart [0x0x7ff910c2a9f8+40]

2025-06-26 16:16:53,952 - INFO - read - Hoàn tất tất cả tác vụ tải về. Đóng trình duyệt.
